writeCommonTags: couldn't write 'year' tag to 'All of Rin/01 Rin Holic (feat. Kagamine Rin).m4a' as it's not a positive integer
writeCommonTags: couldn't write 'track' tag to 'All of Rin/01 Rin Holic (feat. Kagamine Rin).m4a' as it's not a positive integer
writeCommonTags: couldn't write 'year' tag to 'All of Rin/02 Do Rinrinrin (Tel Mix) [feat. Kag.m4a' as it's not a positive integer
writeCommonTags: couldn't write 'track' tag to 'All of Rin/02 Do Rinrinrin (Tel Mix) [feat. Kag.m4a' as it's not a positive integer
writeCommonTags: couldn't write 'year' tag to 'All of Rin/03 Reincarnation (feat. Kagamine Rin.m4a' as it's not a positive integer
writeCommonTags: couldn't write 'track' tag to 'All of Rin/03 Reincarnation (feat. Kagamine Rin.m4a' as it's not a positive integer
writeCommonTags: couldn't write 'year' tag to 'All of Rin/04 I Like You (feat. Kagamine Rin).m4a' as it's not a positive integer
writeCommonTags: couldn't write 'track' tag to 'All of Rin/04 I Like You (feat. Kagamine Rin).m4a' as it's not a positive integer
writeCommonTags: couldn't write 'year' tag to 'All of Rin/05 Don't Cry (feat. Kagamine Rin).m4a' as it's not a positive integer
writeCommonTags: couldn't write 'track' tag to 'All of Rin/05 Don't Cry (feat. Kagamine Rin).m4a' as it's not a positive integer
writeCommonTags: couldn't write 'year' tag to 'All of Rin/06 I Forgot It (feat. Kagamine Rin).m4a' as it's not a positive integer
writeCommonTags: couldn't write 'track' tag to 'All of Rin/06 I Forgot It (feat. Kagamine Rin).m4a' as it's not a positive integer
writeCommonTags: couldn't write 'year' tag to 'All of Rin/07 Shooting Star (feat. Kagamine Rin.m4a' as it's not a positive integer
writeCommonTags: couldn't write 'track' tag to 'All of Rin/07 Shooting Star (feat. Kagamine Rin.m4a' as it's not a positive integer
writeCommonTags: couldn't write 'year' tag to 'All of Rin/08 Adventure of Rin (feat. Kagamine.m4a' as it's not a positive integer
writeCommonTags: couldn't write 'track' tag to 'All of Rin/08 Adventure of Rin (feat. Kagamine.m4a' as it's not a positive integer
writeCommonTags: couldn't write 'year' tag to 'All of Rin/09 Super Star Rin (feat. Kagamine Ri.m4a' as it's not a positive integer
writeCommonTags: couldn't write 'track' tag to 'All of Rin/09 Super Star Rin (feat. Kagamine Ri.m4a' as it's not a positive integer
writeCommonTags: couldn't write 'year' tag to 'All of Rin/10 Malt Chocoration (feat. Kagamine.m4a' as it's not a positive integer
writeCommonTags: couldn't write 'track' tag to 'All of Rin/10 Malt Chocoration (feat. Kagamine.m4a' as it's not a positive integer
writeCommonTags: couldn't write 'year' tag to 'All of Rin/11 Color of Rin (feat. Kagamine Rin).m4a' as it's not a positive integer
writeCommonTags: couldn't write 'track' tag to 'All of Rin/11 Color of Rin (feat. Kagamine Rin).m4a' as it's not a positive integer
writeCommonTags: couldn't write 'year' tag to 'All of Rin/12 Medley_ All of Jevannip (Instrume.m4a' as it's not a positive integer
writeCommonTags: couldn't write 'track' tag to 'All of Rin/12 Medley_ All of Jevannip (Instrume.m4a' as it's not a positive integer
writeCommonTags: couldn't write 'year' tag to 'All of Rin/13 Medley_ Pray Star of Jevannip (In.m4a' as it's not a positive integer
writeCommonTags: couldn't write 'track' tag to 'All of Rin/13 Medley_ Pray Star of Jevannip (In.m4a' as it's not a positive integer
writeCommonTags: couldn't write 'year' tag to 'All of Rin/01 Rin Holic (feat. Kagamine Rin).m4a' as it's not a positive integer
writeCommonTags: couldn't write 'track' tag to 'All of Rin/01 Rin Holic (feat. Kagamine Rin).m4a' as it's not a positive integer
writeCommonTags: couldn't write 'year' tag to 'All of Rin/02 Do Rinrinrin (Tel Mix) [feat. Kag.m4a' as it's not a positive integer
writeCommonTags: couldn't write 'track' tag to 'All of Rin/02 Do Rinrinrin (Tel Mix) [feat. Kag.m4a' as it's not a positive integer
writeCommonTags: couldn't write 'year' tag to 'All of Rin/03 Reincarnation (feat. Kagamine Rin.m4a' as it's not a positive integer
writeCommonTags: couldn't write 'track' tag to 'All of Rin/03 Reincarnation (feat. Kagamine Rin.m4a' as it's not a positive integer
writeCommonTags: couldn't write 'year' tag to 'All of Rin/04 I Like You (feat. Kagamine Rin).m4a' as it's not a positive integer
writeCommonTags: couldn't write 'track' tag to 'All of Rin/04 I Like You (feat. Kagamine Rin).m4a' as it's not a positive integer
writeCommonTags: couldn't write 'year' tag to 'All of Rin/05 Don't Cry (feat. Kagamine Rin).m4a' as it's not a positive integer
writeCommonTags: couldn't write 'track' tag to 'All of Rin/05 Don't Cry (feat. Kagamine Rin).m4a' as it's not a positive integer
writeCommonTags: couldn't write 'year' tag to 'All of Rin/06 I Forgot It (feat. Kagamine Rin).m4a' as it's not a positive integer
writeCommonTags: couldn't write 'track' tag to 'All of Rin/06 I Forgot It (feat. Kagamine Rin).m4a' as it's not a positive integer
writeCommonTags: couldn't write 'year' tag to 'All of Rin/07 Shooting Star (feat. Kagamine Rin.m4a' as it's not a positive integer
writeCommonTags: couldn't write 'track' tag to 'All of Rin/07 Shooting Star (feat. Kagamine Rin.m4a' as it's not a positive integer
writeCommonTags: couldn't write 'year' tag to 'All of Rin/08 Adventure of Rin (feat. Kagamine.m4a' as it's not a positive integer
writeCommonTags: couldn't write 'track' tag to 'All of Rin/08 Adventure of Rin (feat. Kagamine.m4a' as it's not a positive integer
writeCommonTags: couldn't write 'year' tag to 'All of Rin/09 Super Star Rin (feat. Kagamine Ri.m4a' as it's not a positive integer
writeCommonTags: couldn't write 'track' tag to 'All of Rin/09 Super Star Rin (feat. Kagamine Ri.m4a' as it's not a positive integer
writeCommonTags: couldn't write 'year' tag to 'All of Rin/10 Malt Chocoration (feat. Kagamine.m4a' as it's not a positive integer
writeCommonTags: couldn't write 'track' tag to 'All of Rin/10 Malt Chocoration (feat. Kagamine.m4a' as it's not a positive integer
writeCommonTags: couldn't write 'year' tag to 'All of Rin/11 Color of Rin (feat. Kagamine Rin).m4a' as it's not a positive integer
writeCommonTags: couldn't write 'track' tag to 'All of Rin/11 Color of Rin (feat. Kagamine Rin).m4a' as it's not a positive integer
writeCommonTags: couldn't write 'year' tag to 'All of Rin/12 Medley_ All of Jevannip (Instrume.m4a' as it's not a positive integer
writeCommonTags: couldn't write 'track' tag to 'All of Rin/12 Medley_ All of Jevannip (Instrume.m4a' as it's not a positive integer
writeCommonTags: couldn't write 'year' tag to 'All of Rin/13 Medley_ Pray Star of Jevannip (In.m4a' as it's not a positive integer
writeCommonTags: couldn't write 'track' tag to 'All of Rin/13 Medley_ Pray Star of Jevannip (In.m4a' as it's not a positive integer
